Initializing servlet 'DispatcherServlet'
Adding [servletConfigInitParams] PropertySource with lowest search precedence
Adding [servletContextInitParams] PropertySource with lowest search precedence
Adding [jndiProperties] PropertySource with lowest search precedence
Adding [systemProperties] PropertySource with lowest search precedence
Adding [systemEnvironment] PropertySource with lowest search precedence
Initialized StandardServletEnvironment with PropertySources [servletConfigInitParams,servletContextInitParams,jndiProperties,systemProperties,systemEnvironment]
FrameworkServlet 'DispatcherServlet': initialization started
Servlet with name 'DispatcherServlet' will try to create custom WebApplicationContext context of class 'org.springframework.web.context.support.XmlWebApplicationContext', using parent context [null]
Replacing [servletContextInitParams] PropertySource with [servletContextInitParams]
Replacing [servletConfigInitParams] PropertySource with [servletConfigInitParams]
Refreshing WebApplicationContext for namespace 'DispatcherServlet-servlet': startup date [Thu Jun 25 14:59:05 EDT 2015]; root of context hierarchy
Adding [systemProperties] PropertySource with lowest search precedence
Adding [systemEnvironment] PropertySource with lowest search precedence
Initialized StandardEnvironment with PropertySources [systemProperties,systemEnvironment]
Loading XML bean definitions from ServletContext resource [/WEB-INF/DispatcherServlet-servlet.xml]
Using JAXP provider [__redirected.__DocumentBuilderFactory]
Loading schema mappings from [META-INF/spring.schemas]
Loaded schema mappings: {http://www.springframework.org/schema/tx/spring-tx-2.5.xsd=org/springframework/transaction/config/spring-tx-2.5.xsd, http://www.springframework.org/schema/aop/spring-aop-4.1.xsd=org/springframework/aop/config/spring-aop-4.1.xsd, http://www.springframework.org/schema/context/spring-context-3.1.xsd=org/springframework/context/config/spring-context-3.1.xsd, http://www.springframework.org/schema/jdbc/spring-jdbc-4.1.xsd=org/springframework/jdbc/config/spring-jdbc-4.1.xsd, http://www.springframework.org/schema/jms/spring-jms-2.5.xsd=org/springframework/jms/config/spring-jms-2.5.xsd, http://www.springframework.org/schema/mvc/spring-mvc-4.1.xsd=org/springframework/web/servlet/config/spring-mvc-4.1.xsd, http://www.springframework.org/schema/util/spring-util-3.0.xsd=org/springframework/beans/factory/xml/spring-util-3.0.xsd, http://www.springframework.org/schema/tool/spring-tool.xsd=org/springframework/beans/factory/xml/spring-tool-4.1.xsd, http://www.springframework.org/schema/aop/spring-aop-3.2.xsd=org/springframework/aop/config/spring-aop-3.2.xsd, http://www.springframework.org/schema/lang/spring-lang-4.1.xsd=org/springframework/scripting/config/spring-lang-4.1.xsd, http://www.springframework.org/schema/context/spring-context-4.0.xsd=org/springframework/context/config/spring-context-4.0.xsd, http://www.springframework.org/schema/mvc/spring-mvc-3.2.xsd=org/springframework/web/servlet/config/spring-mvc-3.2.xsd, http://www.springframework.org/schema/oxm/spring-oxm-3.0.xsd=org/springframework/oxm/config/spring-oxm-3.0.xsd, http://www.springframework.org/schema/tool/spring-tool-4.1.xsd=org/springframework/beans/factory/xml/spring-tool-4.1.xsd, http://www.springframework.org/schema/lang/spring-lang-3.2.xsd=org/springframework/scripting/config/spring-lang-3.2.xsd, http://www.springframework.org/schema/cache/spring-cache-3.2.xsd=org/springframework/cache/config/spring-cache-3.2.xsd, http://www.springframework.org/schema/jee/spring-jee-4.1.xsd=org/springframework/ejb/config/spring-jee-4.1.xsd, http://www.springframework.org/schema/jdbc/spring-jdbc-3.1.xsd=org/springframework/jdbc/config/spring-jdbc-3.1.xsd, http://www.springframework.org/schema/util/spring-util-2.0.xsd=org/springframework/beans/factory/xml/spring-util-2.0.xsd, http://www.springframework.org/schema/tool/spring-tool-3.2.xsd=org/springframework/beans/factory/xml/spring-tool-3.2.xsd, http://www.springframework.org/schema/context/spring-context.xsd=org/springframework/context/config/spring-context-4.1.xsd, http://www.springframework.org/schema/cache/spring-cache-4.1.xsd=org/springframework/cache/config/spring-cache-4.1.xsd, http://www.springframework.org/schema/aop/spring-aop-4.0.xsd=org/springframework/aop/config/spring-aop-4.0.xsd, http://www.springframework.org/schema/jee/spring-jee-3.2.xsd=org/springframework/ejb/config/spring-jee-3.2.xsd, http://www.springframework.org/schema/context/spring-context-3.0.xsd=org/springframework/context/config/spring-context-3.0.xsd, http://www.springframework.org/schema/jdbc/spring-jdbc-4.0.xsd=org/springframework/jdbc/config/spring-jdbc-4.0.xsd, http://www.springframework.org/schema/mvc/spring-mvc-4.0.xsd=org/springframework/web/servlet/config/spring-mvc-4.0.xsd, http://www.springframework.org/schema/util/spring-util-2.5.xsd=org/springframework/beans/factory/xml/spring-util-2.5.xsd, http://www.springframework.org/schema/beans/spring-beans-3.2.xsd=org/springframework/beans/factory/xml/spring-beans-3.2.xsd, http://www.springframework.org/schema/aop/spring-aop-3.1.xsd=org/springframework/aop/config/spring-aop-3.1.xsd, http://www.springframework.org/schema/lang/spring-lang-4.0.xsd=org/springframework/scripting/config/spring-lang-4.0.xsd, http://www.springframework.org/schema/mvc/spring-mvc.xsd=org/springframework/web/servlet/config/spring-mvc-4.1.xsd, http://www.springframework.org/schema/mvc/spring-mvc-3.1.xsd=org/springframework/web/servlet/config/spring-mvc-3.1.xsd, http://www.springframework.org/schema/beans/spring-beans-4.1.xsd=org/springframework/beans/factory/xml/spring-beans-4.1.xsd, http://www.springframework.org/schema/tool/spring-tool-4.0.xsd=org/springframework/beans/factory/xml/spring-tool-4.0.xsd, http://www.springframework.org/schema/tx/spring-tx-3.2.xsd=org/springframework/transaction/config/spring-tx-3.2.xsd, http://www.springframework.org/schema/lang/spring-lang-3.1.xsd=org/springframework/scripting/config/spring-lang-3.1.xsd, http://www.springframework.org/schema/cache/spring-cache-3.1.xsd=org/springframework/cache/config/spring-cache-3.1.xsd, http://www.springframework.org/schema/jee/spring-jee-4.0.xsd=org/springframework/ejb/config/spring-jee-4.0.xsd, http://www.springframework.org/schema/jdbc/spring-jdbc-3.0.xsd=org/springframework/jdbc/config/spring-jdbc-3.0.xsd, http://www.springframework.org/schema/task/spring-task-4.1.xsd=org/springframework/scheduling/config/spring-task-4.1.xsd, http://www.springframework.org/schema/jdbc/spring-jdbc.xsd=org/springframework/jdbc/config/spring-jdbc-4.1.xsd, http://www.springframework.org/schema/tool/spring-tool-3.1.xsd=org/springframework/beans/factory/xml/spring-tool-3.1.xsd, http://www.springframework.org/schema/tx/spring-tx-4.1.xsd=org/springframework/transaction/config/spring-tx-4.1.xsd, http://www.springframework.org/schema/cache/spring-cache-4.0.xsd=org/springframework/cache/config/spring-cache-4.0.xsd, http://www.springframework.org/schema/jee/spring-jee-3.1.xsd=org/springframework/ejb/config/spring-jee-3.1.xsd, http://www.springframework.org/schema/task/spring-task-3.2.xsd=org/springframework/scheduling/config/spring-task-3.2.xsd, http://www.springframework.org/schema/beans/spring-beans-3.1.xsd=org/springframework/beans/factory/xml/spring-beans-3.1.xsd, http://www.springframework.org/schema/util/spring-util.xsd=org/springframework/beans/factory/xml/spring-util-4.1.xsd, http://www.springframework.org/schema/aop/spring-aop-3.0.xsd=org/springframework/aop/config/spring-aop-3.0.xsd, http://www.springframework.org/schema/jms/spring-jms-3.2.xsd=org/springframework/jms/config/spring-jms-3.2.xsd, http://www.springframework.org/schema/mvc/spring-mvc-3.0.xsd=org/springframework/web/servlet/config/spring-mvc-3.0.xsd, http://www.springframework.org/schema/beans/spring-beans-4.0.xsd=org/springframework/beans/factory/xml/spring-beans-4.0.xsd, http://www.springframework.org/schema/beans/spring-beans.xsd=org/springframework/beans/factory/xml/spring-beans-4.1.xsd, http://www.springframework.org/schema/tx/spring-tx-3.1.xsd=org/springframework/transaction/config/spring-tx-3.1.xsd, http://www.springframework.org/schema/lang/spring-lang-3.0.xsd=org/springframework/scripting/config/spring-lang-3.0.xsd, http://www.springframework.org/schema/context/spring-context-2.5.xsd=org/springframework/context/config/spring-context-2.5.xsd, http://www.springframework.org/schema/jms/spring-jms-4.1.xsd=org/springframework/jms/config/spring-jms-4.1.xsd, http://www.springframework.org/schema/task/spring-task-4.0.xsd=org/springframework/scheduling/config/spring-task-4.0.xsd, http://www.springframework.org/schema/tool/spring-tool-3.0.xsd=org/springframework/beans/factory/xml/spring-tool-3.0.xsd, http://www.springframework.org/schema/tx/spring-tx-4.0.xsd=org/springframework/transaction/config/spring-tx-4.0.xsd, http://www.springframework.org/schema/aop/spring-aop-2.0.xsd=org/springframework/aop/config/spring-aop-2.0.xsd, http://www.springframework.org/schema/jee/spring-jee-3.0.xsd=org/springframework/ejb/config/spring-jee-3.0.xsd, http://www.springframework.org/schema/util/spring-util-4.1.xsd=org/springframework/beans/factory/xml/spring-util-4.1.xsd, http://www.springframework.org/schema/task/spring-task-3.1.xsd=org/springframework/scheduling/config/spring-task-3.1.xsd, http://www.springframework.org/schema/beans/spring-beans-3.0.xsd=org/springframework/beans/factory/xml/spring-beans-3.0.xsd, http://www.springframework.org/schema/websocket/spring-websocket.xsd=org/springframework/web/socket/config/spring-websocket-4.1.xsd, http://www.springframework.org/schema/jee/spring-jee.xsd=org/springframework/ejb/config/spring-jee-4.1.xsd, http://www.springframework.org/schema/jms/spring-jms.xsd=org/springframework/jms/config/spring-jms-4.1.xsd, http://www.springframework.org/schema/aop/spring-aop-2.5.xsd=org/springframework/aop/config/spring-aop-2.5.xsd, http://www.springframework.org/schema/lang/spring-lang-2.0.xsd=org/springframework/scripting/config/spring-lang-2.0.xsd, http://www.springframework.org/schema/oxm/spring-oxm.xsd=org/springframework/oxm/config/spring-oxm-4.1.xsd, http://www.springframework.org/schema/jms/spring-jms-3.1.xsd=org/springframework/jms/config/spring-jms-3.1.xsd, http://www.springframework.org/schema/util/spring-util-3.2.xsd=org/springframework/beans/factory/xml/spring-util-3.2.xsd, http://www.springframework.org/schema/oxm/spring-oxm-4.1.xsd=org/springframework/oxm/config/spring-oxm-4.1.xsd, http://www.springframework.org/schema/task/spring-task.xsd=org/springframework/scheduling/config/spring-task-4.1.xsd, http://www.springframework.org/schema/tool/spring-tool-2.0.xsd=org/springframework/beans/factory/xml/spring-tool-2.0.xsd, http://www.springframework.org/schema/tx/spring-tx-3.0.xsd=org/springframework/transaction/config/spring-tx-3.0.xsd, http://www.springframework.org/schema/lang/spring-lang-2.5.xsd=org/springframework/scripting/config/spring-lang-2.5.xsd, http://www.springframework.org/schema/jms/spring-jms-4.0.xsd=org/springframework/jms/config/spring-jms-4.0.xsd, http://www.springframework.org/schema/jee/spring-jee-2.0.xsd=org/springframework/ejb/config/spring-jee-2.0.xsd, http://www.springframework.org/schema/oxm/spring-oxm-3.2.xsd=org/springframework/oxm/config/spring-oxm-3.2.xsd, http://www.springframework.org/schema/tool/spring-tool-2.5.xsd=org/springframework/beans/factory/xml/spring-tool-2.5.xsd, http://www.springframework.org/schema/jee/spring-jee-2.5.xsd=org/springframework/ejb/config/spring-jee-2.5.xsd, http://www.springframework.org/schema/util/spring-util-4.0.xsd=org/springframework/beans/factory/xml/spring-util-4.0.xsd, http://www.springframework.org/schema/task/spring-task-3.0.xsd=org/springframework/scheduling/config/spring-task-3.0.xsd, http://www.springframework.org/schema/websocket/spring-websocket-4.1.xsd=org/springframework/web/socket/config/spring-websocket-4.1.xsd, http://www.springframework.org/schema/lang/spring-lang.xsd=org/springframework/scripting/config/spring-lang-4.1.xsd, http://www.springframework.org/schema/context/spring-context-3.2.xsd=org/springframework/context/config/spring-context-3.2.xsd, http://www.springframework.org/schema/jms/spring-jms-3.0.xsd=org/springframework/jms/config/spring-jms-3.0.xsd, http://www.springframework.org/schema/util/spring-util-3.1.xsd=org/springframework/beans/factory/xml/spring-util-3.1.xsd, http://www.springframework.org/schema/beans/spring-beans-2.0.xsd=org/springframework/beans/factory/xml/spring-beans-2.0.xsd, http://www.springframework.org/schema/oxm/spring-oxm-4.0.xsd=org/springframework/oxm/config/spring-oxm-4.0.xsd, http://www.springframework.org/schema/cache/spring-cache.xsd=org/springframework/cache/config/spring-cache-4.1.xsd, http://www.springframework.org/schema/tx/spring-tx.xsd=org/springframework/transaction/config/spring-tx-4.1.xsd, http://www.springframework.org/schema/context/spring-context-4.1.xsd=org/springframework/context/config/spring-context-4.1.xsd, http://www.springframework.org/schema/beans/spring-beans-2.5.xsd=org/springframework/beans/factory/xml/spring-beans-2.5.xsd, http://www.springframework.org/schema/oxm/spring-oxm-3.1.xsd=org/springframework/oxm/config/spring-oxm-3.1.xsd, http://www.springframework.org/schema/tx/spring-tx-2.0.xsd=org/springframework/transaction/config/spring-tx-2.0.xsd, http://www.springframework.org/schema/jdbc/spring-jdbc-3.2.xsd=org/springframework/jdbc/config/spring-jdbc-3.2.xsd, http://www.springframework.org/schema/aop/spring-aop.xsd=org/springframework/aop/config/spring-aop-4.1.xsd, http://www.springframework.org/schema/websocket/spring-websocket-4.0.xsd=org/springframework/web/socket/config/spring-websocket-4.0.xsd}
Found XML schema [http://www.springframework.org/schema/beans/spring-beans-3.0.xsd] in classpath: org/springframework/beans/factory/xml/spring-beans-3.0.xsd
Found XML schema [http://www.springframework.org/schema/context/spring-context-3.0.xsd] in classpath: org/springframework/context/config/spring-context-3.0.xsd
Found XML schema [http://www.springframework.org/schema/tool/spring-tool-3.0.xsd] in classpath: org/springframework/beans/factory/xml/spring-tool-3.0.xsd
Found XML schema [http://www.springframework.org/schema/aop/spring-aop-3.0.xsd] in classpath: org/springframework/aop/config/spring-aop-3.0.xsd
Found XML schema [http://www.springframework.org/schema/tx/spring-tx.xsd] in classpath: org/springframework/transaction/config/spring-tx-4.1.xsd
Loading bean definitions
Loaded NamespaceHandler mappings: {http://www.springframework.org/schema/p=org.springframework.beans.factory.xml.SimplePropertyNamespaceHandler, http://www.springframework.org/schema/mvc=org.springframework.web.servlet.config.MvcNamespaceHandler, http://www.springframework.org/schema/util=org.springframework.beans.factory.xml.UtilNamespaceHandler, http://www.springframework.org/schema/jee=org.springframework.ejb.config.JeeNamespaceHandler, http://www.springframework.org/schema/websocket=org.springframework.web.socket.config.WebSocketNamespaceHandler, http://www.springframework.org/schema/aop=org.springframework.aop.config.AopNamespaceHandler, http://www.springframework.org/schema/oxm=org.springframework.oxm.config.OxmNamespaceHandler, http://www.springframework.org/schema/jdbc=org.springframework.jdbc.config.JdbcNamespaceHandler, http://www.springframework.org/schema/cache=org.springframework.cache.config.CacheNamespaceHandler, http://www.springframework.org/schema/c=org.springframework.beans.factory.xml.SimpleConstructorNamespaceHandler, http://www.springframework.org/schema/tx=org.springframework.transaction.config.TxNamespaceHandler, http://www.springframework.org/schema/jms=org.springframework.jms.config.JmsNamespaceHandler, http://www.springframework.org/schema/task=org.springframework.scheduling.config.TaskNamespaceHandler, http://www.springframework.org/schema/lang=org.springframework.scripting.config.LangNamespaceHandler, http://www.springframework.org/schema/context=org.springframework.context.config.ContextNamespaceHandler}
Neither XML 'id' nor 'name' specified - using generated bean name [org.springframework.web.servlet.view.InternalResourceViewResolver#0]
Loaded 18 bean definitions from location pattern [/WEB-INF/DispatcherServlet-servlet.xml]
Bean factory for WebApplicationContext for namespace 'DispatcherServlet-servlet': org.springframework.beans.factory.support.DefaultListableBeanFactory@17b6dc75: defining beans [org.springframework.context.annotation.internalConfigurationAnnotationProcessor,org.springframework.context.annotation.internalAutowiredAnnotationProcessor,org.springframework.context.annotation.internalRequiredAnnotationProcessor,org.springframework.context.annotation.internalCommonAnnotationProcessor,org.springframework.context.annotation.internalPersistenceAnnotationProcessor,org.springframework.aop.config.internalAutoProxyCreator,org.springframework.web.servlet.view.InternalResourceViewResolver#0,requestProcesser,org.springframework.transaction.annotation.AnnotationTransactionAttributeSource#0,org.springframework.transaction.interceptor.TransactionInterceptor#0,org.springframework.transaction.config.internalTransactionAdvisor,txManager,userJDBCTemplate,jdbcTemplateObject,dataSource,fileUploadController,Logging,multipartResolver]; root of factory hierarchy
Registering scope 'request' with implementation [org.springframework.web.context.request.RequestScope@38e81cd6]
Registering scope 'session' with implementation [org.springframework.web.context.request.SessionScope@1cc5cbe9]
Registering scope 'globalSession' with implementation [org.springframework.web.context.request.SessionScope@64336a0b]
Registering scope 'application' with implementation [org.springframework.web.context.support.ServletContextScope@5208df29]
Creating shared instance of singleton bean 'org.springframework.context.annotation.internalConfigurationAnnotationProcessor'
Creating instance of bean 'org.springframework.context.annotation.internalConfigurationAnnotationProcessor'
Eagerly caching bean 'org.springframework.context.annotation.internalConfigurationAnnotationProcessor' to allow for resolving potential circular references
Finished creating instance of bean 'org.springframework.context.annotation.internalConfigurationAnnotationProcessor'
Creating shared instance of singleton bean 'org.springframework.context.annotation.internalAutowiredAnnotationProcessor'
Creating instance of bean 'org.springframework.context.annotation.internalAutowiredAnnotationProcessor'
JSR-330 'javax.inject.Inject' annotation found and supported for autowiring
Eagerly caching bean 'org.springframework.context.annotation.internalAutowiredAnnotationProcessor' to allow for resolving potential circular references
Finished creating instance of bean 'org.springframework.context.annotation.internalAutowiredAnnotationProcessor'
Creating shared instance of singleton bean 'org.springframework.context.annotation.internalRequiredAnnotationProcessor'
Creating instance of bean 'org.springframework.context.annotation.internalRequiredAnnotationProcessor'
Eagerly caching bean 'org.springframework.context.annotation.internalRequiredAnnotationProcessor' to allow for resolving potential circular references
Finished creating instance of bean 'org.springframework.context.annotation.internalRequiredAnnotationProcessor'
Creating shared instance of singleton bean 'org.springframework.context.annotation.internalCommonAnnotationProcessor'
Creating instance of bean 'org.springframework.context.annotation.internalCommonAnnotationProcessor'
Eagerly caching bean 'org.springframework.context.annotation.internalCommonAnnotationProcessor' to allow for resolving potential circular references
Finished creating instance of bean 'org.springframework.context.annotation.internalCommonAnnotationProcessor'
Creating shared instance of singleton bean 'org.springframework.context.annotation.internalPersistenceAnnotationProcessor'
Creating instance of bean 'org.springframework.context.annotation.internalPersistenceAnnotationProcessor'
Eagerly caching bean 'org.springframework.context.annotation.internalPersistenceAnnotationProcessor' to allow for resolving potential circular references
Finished creating instance of bean 'org.springframework.context.annotation.internalPersistenceAnnotationProcessor'
Creating shared instance of singleton bean 'org.springframework.context.annotation.ConfigurationClassPostProcessor.importAwareProcessor'
Creating instance of bean 'org.springframework.context.annotation.ConfigurationClassPostProcessor.importAwareProcessor'
Eagerly caching bean 'org.springframework.context.annotation.ConfigurationClassPostProcessor.importAwareProcessor' to allow for resolving potential circular references
Finished creating instance of bean 'org.springframework.context.annotation.ConfigurationClassPostProcessor.importAwareProcessor'
Creating shared instance of singleton bean 'org.springframework.context.annotation.ConfigurationClassPostProcessor.enhancedConfigurationProcessor'
Creating instance of bean 'org.springframework.context.annotation.ConfigurationClassPostProcessor.enhancedConfigurationProcessor'
Eagerly caching bean 'org.springframework.context.annotation.ConfigurationClassPostProcessor.enhancedConfigurationProcessor' to allow for resolving potential circular references
Finished creating instance of bean 'org.springframework.context.annotation.ConfigurationClassPostProcessor.enhancedConfigurationProcessor'
Creating shared instance of singleton bean 'org.springframework.aop.config.internalAutoProxyCreator'
Creating instance of bean 'org.springframework.aop.config.internalAutoProxyCreator'
Eagerly caching bean 'org.springframework.aop.config.internalAutoProxyCreator' to allow for resolving potential circular references
Finished creating instance of bean 'org.springframework.aop.config.internalAutoProxyCreator'
Unable to locate MessageSource with name 'messageSource': using default [org.springframework.context.support.DelegatingMessageSource@26f2a832]
Unable to locate ApplicationEventMulticaster with name 'applicationEventMulticaster': using default [org.springframework.context.event.SimpleApplicationEventMulticaster@1c431f40]
Unable to locate ThemeSource with name 'themeSource': using default [org.springframework.ui.context.support.ResourceBundleThemeSource@6610bdf2]
Pre-instantiating singletons in org.springframework.beans.factory.support.DefaultListableBeanFactory@17b6dc75: defining beans [org.springframework.context.annotation.internalConfigurationAnnotationProcessor,org.springframework.context.annotation.internalAutowiredAnnotationProcessor,org.springframework.context.annotation.internalRequiredAnnotationProcessor,org.springframework.context.annotation.internalCommonAnnotationProcessor,org.springframework.context.annotation.internalPersistenceAnnotationProcessor,org.springframework.aop.config.internalAutoProxyCreator,org.springframework.web.servlet.view.InternalResourceViewResolver#0,requestProcesser,org.springframework.transaction.annotation.AnnotationTransactionAttributeSource#0,org.springframework.transaction.interceptor.TransactionInterceptor#0,org.springframework.transaction.config.internalTransactionAdvisor,txManager,userJDBCTemplate,jdbcTemplateObject,dataSource,fileUploadController,Logging,multipartResolver,org.springframework.context.annotation.ConfigurationClassPostProcessor.importAwareProcessor,org.springframework.context.annotation.ConfigurationClassPostProcessor.enhancedConfigurationProcessor]; root of factory hierarchy
Returning cached instance of singleton bean 'org.springframework.context.annotation.internalConfigurationAnnotationProcessor'
Returning cached instance of singleton bean 'org.springframework.context.annotation.internalAutowiredAnnotationProcessor'
Returning cached instance of singleton bean 'org.springframework.context.annotation.internalRequiredAnnotationProcessor'
Returning cached instance of singleton bean 'org.springframework.context.annotation.internalCommonAnnotationProcessor'
Returning cached instance of singleton bean 'org.springframework.context.annotation.internalPersistenceAnnotationProcessor'
Returning cached instance of singleton bean 'org.springframework.aop.config.internalAutoProxyCreator'
Creating shared instance of singleton bean 'org.springframework.web.servlet.view.InternalResourceViewResolver#0'
Creating instance of bean 'org.springframework.web.servlet.view.InternalResourceViewResolver#0'
Creating shared instance of singleton bean 'org.springframework.transaction.config.internalTransactionAdvisor'
Creating instance of bean 'org.springframework.transaction.config.internalTransactionAdvisor'
Eagerly caching bean 'org.springframework.transaction.config.internalTransactionAdvisor' to allow for resolving potential circular references
Creating shared instance of singleton bean 'org.springframework.transaction.annotation.AnnotationTransactionAttributeSource#0'
Creating instance of bean 'org.springframework.transaction.annotation.AnnotationTransactionAttributeSource#0'
Skipping currently created advisor 'org.springframework.transaction.config.internalTransactionAdvisor'
Found AspectJ method: public void com.roger.logger.Logging.beforeControllerMethod(org.aspectj.lang.JoinPoint)
Found AspectJ method: public void com.roger.logger.Logging.beforeDAOMethod(org.aspectj.lang.JoinPoint)
Found AspectJ method: public void com.roger.logger.Logging.beforeProcesserMethod(org.aspectj.lang.JoinPoint)
Found AspectJ method: public void com.roger.logger.Logging.afterControllerMethod(org.aspectj.lang.JoinPoint)
Found AspectJ method: public void com.roger.logger.Logging.afterDAOMethod(org.aspectj.lang.JoinPoint)
Found AspectJ method: public void com.roger.logger.Logging.afterProcesserMethod(org.aspectj.lang.JoinPoint)
Found AspectJ method: public void com.roger.logger.Logging.afterThrowingDAOMethod(org.aspectj.lang.JoinPoint,java.lang.Throwable)
Eagerly caching bean 'org.springframework.transaction.annotation.AnnotationTransactionAttributeSource#0' to allow for resolving potential circular references
Skipping currently created advisor 'org.springframework.transaction.config.internalTransactionAdvisor'
Skipping currently created advisor 'org.springframework.transaction.config.internalTransactionAdvisor'
Finished creating instance of bean 'org.springframework.transaction.annotation.AnnotationTransactionAttributeSource#0'
Finished creating instance of bean 'org.springframework.transaction.config.internalTransactionAdvisor'
Eagerly caching bean 'org.springframework.web.servlet.view.InternalResourceViewResolver#0' to allow for resolving potential circular references
Returning cached instance of singleton bean 'org.springframework.transaction.config.internalTransactionAdvisor'
Returning cached instance of singleton bean 'org.springframework.transaction.config.internalTransactionAdvisor'
Finished creating instance of bean 'org.springframework.web.servlet.view.InternalResourceViewResolver#0'
Creating shared instance of singleton bean 'requestProcesser'
Creating instance of bean 'requestProcesser'
Returning cached instance of singleton bean 'org.springframework.transaction.config.internalTransactionAdvisor'
Registered injected element on class [com.roger.processer.RequestProcesser]: AutowiredFieldElement for public com.roger.DAO.UsersDAO com.roger.processer.RequestProcesser.userJDBCTemplate
Eagerly caching bean 'requestProcesser' to allow for resolving potential circular references
Processing injected element of bean 'requestProcesser': AutowiredFieldElement for public com.roger.DAO.UsersDAO com.roger.processer.RequestProcesser.userJDBCTemplate
Creating shared instance of singleton bean 'userJDBCTemplate'
Creating instance of bean 'userJDBCTemplate'
Returning cached instance of singleton bean 'org.springframework.transaction.config.internalTransactionAdvisor'
Eagerly caching bean 'userJDBCTemplate' to allow for resolving potential circular references
Creating shared instance of singleton bean 'jdbcTemplateObject'
Creating instance of bean 'jdbcTemplateObject'
Returning cached instance of singleton bean 'org.springframework.transaction.config.internalTransactionAdvisor'
Eagerly caching bean 'jdbcTemplateObject' to allow for resolving potential circular references
Creating shared instance of singleton bean 'dataSource'
Creating instance of bean 'dataSource'
Returning cached instance of singleton bean 'org.springframework.transaction.config.internalTransactionAdvisor'
Eagerly caching bean 'dataSource' to allow for resolving potential circular references
Loaded JDBC driver: com.mysql.jdbc.Driver
Returning cached instance of singleton bean 'org.springframework.transaction.config.internalTransactionAdvisor'
Returning cached instance of singleton bean 'org.springframework.transaction.config.internalTransactionAdvisor'
Finished creating instance of bean 'dataSource'
Invoking afterPropertiesSet() on bean with name 'jdbcTemplateObject'
Returning cached instance of singleton bean 'org.springframework.transaction.config.internalTransactionAdvisor'
Returning cached instance of singleton bean 'org.springframework.transaction.config.internalTransactionAdvisor'
Finished creating instance of bean 'jdbcTemplateObject'
Returning cached instance of singleton bean 'org.springframework.transaction.config.internalTransactionAdvisor'
Returning cached instance of singleton bean 'org.springframework.transaction.config.internalTransactionAdvisor'
Adding transactional method 'UserJDBCTemplate.update' with attribute: PROPAGATION_REQUIRED,ISOLATION_DEFAULT,timeout_30; '',-org.springframework.dao.DataAccessException
Creating shared instance of singleton bean 'org.springframework.transaction.interceptor.TransactionInterceptor#0'
Creating instance of bean 'org.springframework.transaction.interceptor.TransactionInterceptor#0'
Eagerly caching bean 'org.springframework.transaction.interceptor.TransactionInterceptor#0' to allow for resolving potential circular references
Returning cached instance of singleton bean 'org.springframework.transaction.annotation.AnnotationTransactionAttributeSource#0'
Invoking afterPropertiesSet() on bean with name 'org.springframework.transaction.interceptor.TransactionInterceptor#0'
Finished creating instance of bean 'org.springframework.transaction.interceptor.TransactionInterceptor#0'
Creating implicit proxy for bean 'userJDBCTemplate' with 0 common interceptors and 5 specific interceptors
Creating JDK dynamic proxy: target source is SingletonTargetSource for target object [com.roger.DAO.UserJDBCTemplate@1f07efee]
Finished creating instance of bean 'userJDBCTemplate'
Autowiring by type from bean name 'requestProcesser' to bean named 'userJDBCTemplate'
Returning cached instance of singleton bean 'org.springframework.transaction.config.internalTransactionAdvisor'
Returning cached instance of singleton bean 'org.springframework.transaction.config.internalTransactionAdvisor'
Creating implicit proxy for bean 'requestProcesser' with 0 common interceptors and 3 specific interceptors
Creating CGLIB proxy: target source is SingletonTargetSource for target object [com.roger.processer.RequestProcesser@77b909b8]
Unable to apply any optimisations to advised method: public org.springframework.ui.ModelMap com.roger.processer.RequestProcesser.doUpload(org.springframework.web.multipart.MultipartFile,org.springframework.ui.ModelMap)
Unable to apply any optimisations to advised method: public java.util.List com.roger.processer.RequestProcesser.doWrite(java.lang.String,java.util.List,java.util.List,java.util.List,java.lang.String) throws java.io.FileNotFoundException
Found finalize() method - using NO_OVERRIDE
Found 'equals' method: public boolean java.lang.Object.equals(java.lang.Object)
Unable to apply any optimisations to advised method: public java.lang.String java.lang.Object.toString()
Found 'hashCode' method: public native int java.lang.Object.hashCode()
Unable to apply any optimisations to advised method: protected native java.lang.Object java.lang.Object.clone() throws java.lang.CloneNotSupportedException
Method is declared on Advised interface: public abstract int org.springframework.aop.framework.Advised.indexOf(org.aopalliance.aop.Advice)
Method is declared on Advised interface: public abstract int org.springframework.aop.framework.Advised.indexOf(org.springframework.aop.Advisor)
Method is declared on Advised interface: public abstract boolean org.springframework.aop.framework.Advised.isFrozen()
Method is declared on Advised interface: public abstract boolean org.springframework.aop.framework.Advised.isProxyTargetClass()
Method is declared on Advised interface: public abstract void org.springframework.aop.framework.Advised.addAdvice(org.aopalliance.aop.Advice) throws org.springframework.aop.framework.AopConfigException
Method is declared on Advised interface: public abstract void org.springframework.aop.framework.Advised.addAdvice(int,org.aopalliance.aop.Advice) throws org.springframework.aop.framework.AopConfigException
Method is declared on Advised interface: public abstract boolean org.springframework.aop.framework.Advised.isPreFiltered()
Method is declared on Advised interface: public abstract void org.springframework.aop.framework.Advised.removeAdvisor(int) throws org.springframework.aop.framework.AopConfigException
Method is declared on Advised interface: public abstract boolean org.springframework.aop.framework.Advised.removeAdvisor(org.springframework.aop.Advisor)
Method is declared on Advised interface: public abstract boolean org.springframework.aop.framework.Advised.replaceAdvisor(org.springframework.aop.Advisor,org.springframework.aop.Advisor) throws org.springframework.aop.framework.AopConfigException
Method is declared on Advised interface: public abstract boolean org.springframework.aop.framework.Advised.removeAdvice(org.aopalliance.aop.Advice)
Method is declared on Advised interface: public abstract org.springframework.aop.TargetSource org.springframework.aop.framework.Advised.getTargetSource()
Method is declared on Advised interface: public abstract void org.springframework.aop.framework.Advised.addAdvisor(int,org.springframework.aop.Advisor) throws org.springframework.aop.framework.AopConfigException
Method is declared on Advised interface: public abstract void org.springframework.aop.framework.Advised.addAdvisor(org.springframework.aop.Advisor) throws org.springframework.aop.framework.AopConfigException
Method is declared on Advised interface: public abstract void org.springframework.aop.framework.Advised.setPreFiltered(boolean)
Method is declared on Advised interface: public abstract void org.springframework.aop.framework.Advised.setExposeProxy(boolean)
Method is declared on Advised interface: public abstract boolean org.springframework.aop.framework.Advised.isExposeProxy()
Method is declared on Advised interface: public abstract org.springframework.aop.Advisor[] org.springframework.aop.framework.Advised.getAdvisors()
Method is declared on Advised interface: public abstract java.lang.Class[] org.springframework.aop.framework.Advised.getProxiedInterfaces()
Method is declared on Advised interface: public abstract boolean org.springframework.aop.framework.Advised.isInterfaceProxied(java.lang.Class)
Method is declared on Advised interface: public abstract java.lang.String org.springframework.aop.framework.Advised.toProxyConfigString()
Method is declared on Advised interface: public abstract void org.springframework.aop.framework.Advised.setTargetSource(org.springframework.aop.TargetSource)
Method is declared on Advised interface: public abstract java.lang.Class org.springframework.aop.TargetClassAware.getTargetClass()
Finished creating instance of bean 'requestProcesser'
Returning cached instance of singleton bean 'org.springframework.transaction.annotation.AnnotationTransactionAttributeSource#0'
Returning cached instance of singleton bean 'org.springframework.transaction.interceptor.TransactionInterceptor#0'
Returning cached instance of singleton bean 'org.springframework.transaction.config.internalTransactionAdvisor'
Creating shared instance of singleton bean 'txManager'
Creating instance of bean 'txManager'
Returning cached instance of singleton bean 'org.springframework.transaction.config.internalTransactionAdvisor'
Eagerly caching bean 'txManager' to allow for resolving potential circular references
Returning cached instance of singleton bean 'dataSource'
Invoking afterPropertiesSet() on bean with name 'txManager'
Returning cached instance of singleton bean 'org.springframework.transaction.config.internalTransactionAdvisor'
Returning cached instance of singleton bean 'org.springframework.transaction.config.internalTransactionAdvisor'
Finished creating instance of bean 'txManager'
Returning cached instance of singleton bean 'userJDBCTemplate'
Returning cached instance of singleton bean 'jdbcTemplateObject'
Returning cached instance of singleton bean 'dataSource'
Creating shared instance of singleton bean 'fileUploadController'
Creating instance of bean 'fileUploadController'
Returning cached instance of singleton bean 'org.springframework.transaction.config.internalTransactionAdvisor'
Registered injected element on class [com.roger.controller.FileUploadController]: AutowiredFieldElement for private com.roger.processer.RequestProcesser com.roger.controller.FileUploadController.processer
Eagerly caching bean 'fileUploadController' to allow for resolving potential circular references
Processing injected element of bean 'fileUploadController': AutowiredFieldElement for private com.roger.processer.RequestProcesser com.roger.controller.FileUploadController.processer
Returning cached instance of singleton bean 'requestProcesser'
Autowiring by type from bean name 'fileUploadController' to bean named 'requestProcesser'
Returning cached instance of singleton bean 'org.springframework.transaction.config.internalTransactionAdvisor'
Returning cached instance of singleton bean 'org.springframework.transaction.config.internalTransactionAdvisor'
Creating implicit proxy for bean 'fileUploadController' with 0 common interceptors and 3 specific interceptors
Creating CGLIB proxy: target source is SingletonTargetSource for target object [com.roger.controller.FileUploadController@17738f99]
Unable to apply any optimisations to advised method: public java.lang.String com.roger.controller.FileUploadController.index()
Unable to apply any optimisations to advised method: public java.lang.String com.roger.controller.FileUploadController.result(org.springframework.web.multipart.MultipartFile,org.springframework.ui.ModelMap)
Unable to apply any optimisations to advised method: public java.lang.String com.roger.controller.FileUploadController.OptionResult(org.springframework.util.MultiValueMap,org.springframework.ui.ModelMap) throws java.io.FileNotFoundException
Found finalize() method - using NO_OVERRIDE
Found 'equals' method: public boolean java.lang.Object.equals(java.lang.Object)
Unable to apply any optimisations to advised method: public java.lang.String java.lang.Object.toString()
Found 'hashCode' method: public native int java.lang.Object.hashCode()
Unable to apply any optimisations to advised method: protected native java.lang.Object java.lang.Object.clone() throws java.lang.CloneNotSupportedException
Method is declared on Advised interface: public abstract int org.springframework.aop.framework.Advised.indexOf(org.aopalliance.aop.Advice)
Method is declared on Advised interface: public abstract int org.springframework.aop.framework.Advised.indexOf(org.springframework.aop.Advisor)
Method is declared on Advised interface: public abstract boolean org.springframework.aop.framework.Advised.isFrozen()
Method is declared on Advised interface: public abstract boolean org.springframework.aop.framework.Advised.isProxyTargetClass()
Method is declared on Advised interface: public abstract void org.springframework.aop.framework.Advised.addAdvice(org.aopalliance.aop.Advice) throws org.springframework.aop.framework.AopConfigException
Method is declared on Advised interface: public abstract void org.springframework.aop.framework.Advised.addAdvice(int,org.aopalliance.aop.Advice) throws org.springframework.aop.framework.AopConfigException
Method is declared on Advised interface: public abstract boolean org.springframework.aop.framework.Advised.isPreFiltered()
Method is declared on Advised interface: public abstract void org.springframework.aop.framework.Advised.removeAdvisor(int) throws org.springframework.aop.framework.AopConfigException
Method is declared on Advised interface: public abstract boolean org.springframework.aop.framework.Advised.removeAdvisor(org.springframework.aop.Advisor)
Method is declared on Advised interface: public abstract boolean org.springframework.aop.framework.Advised.replaceAdvisor(org.springframework.aop.Advisor,org.springframework.aop.Advisor) throws org.springframework.aop.framework.AopConfigException
Method is declared on Advised interface: public abstract boolean org.springframework.aop.framework.Advised.removeAdvice(org.aopalliance.aop.Advice)
Method is declared on Advised interface: public abstract org.springframework.aop.TargetSource org.springframework.aop.framework.Advised.getTargetSource()
Method is declared on Advised interface: public abstract void org.springframework.aop.framework.Advised.addAdvisor(int,org.springframework.aop.Advisor) throws org.springframework.aop.framework.AopConfigException
Method is declared on Advised interface: public abstract void org.springframework.aop.framework.Advised.addAdvisor(org.springframework.aop.Advisor) throws org.springframework.aop.framework.AopConfigException
Method is declared on Advised interface: public abstract void org.springframework.aop.framework.Advised.setPreFiltered(boolean)
Method is declared on Advised interface: public abstract void org.springframework.aop.framework.Advised.setExposeProxy(boolean)
Method is declared on Advised interface: public abstract boolean org.springframework.aop.framework.Advised.isExposeProxy()
Method is declared on Advised interface: public abstract org.springframework.aop.Advisor[] org.springframework.aop.framework.Advised.getAdvisors()
Method is declared on Advised interface: public abstract java.lang.Class[] org.springframework.aop.framework.Advised.getProxiedInterfaces()
Method is declared on Advised interface: public abstract boolean org.springframework.aop.framework.Advised.isInterfaceProxied(java.lang.Class)
Method is declared on Advised interface: public abstract java.lang.String org.springframework.aop.framework.Advised.toProxyConfigString()
Method is declared on Advised interface: public abstract void org.springframework.aop.framework.Advised.setTargetSource(org.springframework.aop.TargetSource)
Method is declared on Advised interface: public abstract java.lang.Class org.springframework.aop.TargetClassAware.getTargetClass()
Finished creating instance of bean 'fileUploadController'
Creating shared instance of singleton bean 'Logging'
Creating instance of bean 'Logging'
Eagerly caching bean 'Logging' to allow for resolving potential circular references
Finished creating instance of bean 'Logging'
Creating shared instance of singleton bean 'multipartResolver'
Creating instance of bean 'multipartResolver'
Returning cached instance of singleton bean 'org.springframework.transaction.config.internalTransactionAdvisor'
Eagerly caching bean 'multipartResolver' to allow for resolving potential circular references
Returning cached instance of singleton bean 'org.springframework.transaction.config.internalTransactionAdvisor'
Returning cached instance of singleton bean 'org.springframework.transaction.config.internalTransactionAdvisor'
Finished creating instance of bean 'multipartResolver'
Returning cached instance of singleton bean 'org.springframework.context.annotation.ConfigurationClassPostProcessor.importAwareProcessor'
Returning cached instance of singleton bean 'org.springframework.context.annotation.ConfigurationClassPostProcessor.enhancedConfigurationProcessor'
Unable to locate LifecycleProcessor with name 'lifecycleProcessor': using default [org.springframework.context.support.DefaultLifecycleProcessor@ef0e1b5]
Returning cached instance of singleton bean 'lifecycleProcessor'
Returning cached instance of singleton bean 'multipartResolver'
Using MultipartResolver [org.springframework.web.multipart.commons.CommonsMultipartResolver@3bb6080b]
Creating instance of bean 'org.springframework.web.servlet.i18n.AcceptHeaderLocaleResolver'
Returning cached instance of singleton bean 'org.springframework.transaction.config.internalTransactionAdvisor'
Returning cached instance of singleton bean 'org.springframework.transaction.config.internalTransactionAdvisor'
Returning cached instance of singleton bean 'org.springframework.transaction.config.internalTransactionAdvisor'
Finished creating instance of bean 'org.springframework.web.servlet.i18n.AcceptHeaderLocaleResolver'
Unable to locate LocaleResolver with name 'localeResolver': using default [org.springframework.web.servlet.i18n.AcceptHeaderLocaleResolver@7c864643]
Creating instance of bean 'org.springframework.web.servlet.theme.FixedThemeResolver'
Returning cached instance of singleton bean 'org.springframework.transaction.config.internalTransactionAdvisor'
Returning cached instance of singleton bean 'org.springframework.transaction.config.internalTransactionAdvisor'
Returning cached instance of singleton bean 'org.springframework.transaction.config.internalTransactionAdvisor'
Finished creating instance of bean 'org.springframework.web.servlet.theme.FixedThemeResolver'
Unable to locate ThemeResolver with name 'themeResolver': using default [org.springframework.web.servlet.theme.FixedThemeResolver@697ce924]
Creating instance of bean 'org.springframework.web.servlet.handler.BeanNameUrlHandlerMapping'
Returning cached instance of singleton bean 'org.springframework.transaction.config.internalTransactionAdvisor'
Looking for URL mappings in application context: WebApplicationContext for namespace 'DispatcherServlet-servlet': startup date [Thu Jun 25 14:59:05 EDT 2015]; root of context hierarchy
Rejected bean name 'org.springframework.context.annotation.internalConfigurationAnnotationProcessor': no URL paths identified
Rejected bean name 'org.springframework.context.annotation.internalAutowiredAnnotationProcessor': no URL paths identified
Rejected bean name 'org.springframework.context.annotation.internalRequiredAnnotationProcessor': no URL paths identified
Rejected bean name 'org.springframework.context.annotation.internalCommonAnnotationProcessor': no URL paths identified
Rejected bean name 'org.springframework.context.annotation.internalPersistenceAnnotationProcessor': no URL paths identified
Rejected bean name 'org.springframework.aop.config.internalAutoProxyCreator': no URL paths identified
Rejected bean name 'org.springframework.web.servlet.view.InternalResourceViewResolver#0': no URL paths identified
Rejected bean name 'requestProcesser': no URL paths identified
Rejected bean name 'org.springframework.transaction.annotation.AnnotationTransactionAttributeSource#0': no URL paths identified
Rejected bean name 'org.springframework.transaction.interceptor.TransactionInterceptor#0': no URL paths identified
Rejected bean name 'org.springframework.transaction.config.internalTransactionAdvisor': no URL paths identified
Rejected bean name 'txManager': no URL paths identified
Rejected bean name 'userJDBCTemplate': no URL paths identified
Rejected bean name 'jdbcTemplateObject': no URL paths identified
Rejected bean name 'dataSource': no URL paths identified
Rejected bean name 'fileUploadController': no URL paths identified
Rejected bean name 'Logging': no URL paths identified
Rejected bean name 'multipartResolver': no URL paths identified
Rejected bean name 'org.springframework.context.annotation.ConfigurationClassPostProcessor.importAwareProcessor': no URL paths identified
Rejected bean name 'org.springframework.context.annotation.ConfigurationClassPostProcessor.enhancedConfigurationProcessor': no URL paths identified
Rejected bean name 'environment': no URL paths identified
Rejected bean name 'systemProperties': no URL paths identified
Rejected bean name 'systemEnvironment': no URL paths identified
Rejected bean name 'servletContext': no URL paths identified
Rejected bean name 'servletConfig': no URL paths identified
Rejected bean name 'contextParameters': no URL paths identified
Rejected bean name 'contextAttributes': no URL paths identified
Rejected bean name 'org.springframework.context.annotation.ConfigurationClassPostProcessor.importRegistry': no URL paths identified
Rejected bean name 'messageSource': no URL paths identified
Rejected bean name 'applicationEventMulticaster': no URL paths identified
Rejected bean name 'lifecycleProcessor': no URL paths identified
Returning cached instance of singleton bean 'org.springframework.transaction.config.internalTransactionAdvisor'
Returning cached instance of singleton bean 'org.springframework.transaction.config.internalTransactionAdvisor'
Finished creating instance of bean 'org.springframework.web.servlet.handler.BeanNameUrlHandlerMapping'
Creating instance of bean 'org.springframework.web.servlet.mvc.annotation.DefaultAnnotationHandlerMapping'
Returning cached instance of singleton bean 'org.springframework.transaction.config.internalTransactionAdvisor'
Looking for URL mappings in application context: WebApplicationContext for namespace 'DispatcherServlet-servlet': startup date [Thu Jun 25 14:59:05 EDT 2015]; root of context hierarchy
Rejected bean name 'org.springframework.context.annotation.internalConfigurationAnnotationProcessor': no URL paths identified
Rejected bean name 'org.springframework.context.annotation.internalAutowiredAnnotationProcessor': no URL paths identified
Rejected bean name 'org.springframework.context.annotation.internalRequiredAnnotationProcessor': no URL paths identified
Rejected bean name 'org.springframework.context.annotation.internalCommonAnnotationProcessor': no URL paths identified
Rejected bean name 'org.springframework.context.annotation.internalPersistenceAnnotationProcessor': no URL paths identified
Rejected bean name 'org.springframework.aop.config.internalAutoProxyCreator': no URL paths identified
Rejected bean name 'org.springframework.web.servlet.view.InternalResourceViewResolver#0': no URL paths identified
Rejected bean name 'requestProcesser': no URL paths identified
Rejected bean name 'org.springframework.transaction.annotation.AnnotationTransactionAttributeSource#0': no URL paths identified
Rejected bean name 'org.springframework.transaction.interceptor.TransactionInterceptor#0': no URL paths identified
Rejected bean name 'org.springframework.transaction.config.internalTransactionAdvisor': no URL paths identified
Rejected bean name 'txManager': no URL paths identified
Rejected bean name 'userJDBCTemplate': no URL paths identified
Rejected bean name 'jdbcTemplateObject': no URL paths identified
Rejected bean name 'dataSource': no URL paths identified
Returning cached instance of singleton bean 'fileUploadController'
Mapped URL path [/index] onto handler 'fileUploadController'
Returning cached instance of singleton bean 'fileUploadController'
Mapped URL path [/index.*] onto handler 'fileUploadController'
Returning cached instance of singleton bean 'fileUploadController'
Mapped URL path [/index/] onto handler 'fileUploadController'
Returning cached instance of singleton bean 'fileUploadController'
Mapped URL path [/upload] onto handler 'fileUploadController'
Returning cached instance of singleton bean 'fileUploadController'
Mapped URL path [/upload.*] onto handler 'fileUploadController'
Returning cached instance of singleton bean 'fileUploadController'
Mapped URL path [/upload/] onto handler 'fileUploadController'
Returning cached instance of singleton bean 'fileUploadController'
Mapped URL path [/subOptions] onto handler 'fileUploadController'
Returning cached instance of singleton bean 'fileUploadController'
Mapped URL path [/subOptions.*] onto handler 'fileUploadController'
Returning cached instance of singleton bean 'fileUploadController'
Mapped URL path [/subOptions/] onto handler 'fileUploadController'
Rejected bean name 'Logging': no URL paths identified
Rejected bean name 'multipartResolver': no URL paths identified
Rejected bean name 'org.springframework.context.annotation.ConfigurationClassPostProcessor.importAwareProcessor': no URL paths identified
Rejected bean name 'org.springframework.context.annotation.ConfigurationClassPostProcessor.enhancedConfigurationProcessor': no URL paths identified
Rejected bean name 'environment': no URL paths identified
Rejected bean name 'systemProperties': no URL paths identified
Rejected bean name 'systemEnvironment': no URL paths identified
Rejected bean name 'servletContext': no URL paths identified
Rejected bean name 'servletConfig': no URL paths identified
Rejected bean name 'contextParameters': no URL paths identified
Rejected bean name 'contextAttributes': no URL paths identified
Rejected bean name 'org.springframework.context.annotation.ConfigurationClassPostProcessor.importRegistry': no URL paths identified
Rejected bean name 'messageSource': no URL paths identified
Rejected bean name 'applicationEventMulticaster': no URL paths identified
Rejected bean name 'lifecycleProcessor': no URL paths identified
Returning cached instance of singleton bean 'org.springframework.transaction.config.internalTransactionAdvisor'
Returning cached instance of singleton bean 'org.springframework.transaction.config.internalTransactionAdvisor'
Finished creating instance of bean 'org.springframework.web.servlet.mvc.annotation.DefaultAnnotationHandlerMapping'
No HandlerMappings found in servlet 'DispatcherServlet': using default
Creating instance of bean 'org.springframework.web.servlet.mvc.HttpRequestHandlerAdapter'
Returning cached instance of singleton bean 'org.springframework.transaction.config.internalTransactionAdvisor'
Returning cached instance of singleton bean 'org.springframework.transaction.config.internalTransactionAdvisor'
Returning cached instance of singleton bean 'org.springframework.transaction.config.internalTransactionAdvisor'
Finished creating instance of bean 'org.springframework.web.servlet.mvc.HttpRequestHandlerAdapter'
Creating instance of bean 'org.springframework.web.servlet.mvc.SimpleControllerHandlerAdapter'
Returning cached instance of singleton bean 'org.springframework.transaction.config.internalTransactionAdvisor'
Returning cached instance of singleton bean 'org.springframework.transaction.config.internalTransactionAdvisor'
Returning cached instance of singleton bean 'org.springframework.transaction.config.internalTransactionAdvisor'
Finished creating instance of bean 'org.springframework.web.servlet.mvc.SimpleControllerHandlerAdapter'
Creating instance of bean 'org.springframework.web.servlet.mvc.annotation.AnnotationMethodHandlerAdapter'
Returning cached instance of singleton bean 'org.springframework.transaction.config.internalTransactionAdvisor'
Returning cached instance of singleton bean 'org.springframework.transaction.config.internalTransactionAdvisor'
Returning cached instance of singleton bean 'org.springframework.transaction.config.internalTransactionAdvisor'
Finished creating instance of bean 'org.springframework.web.servlet.mvc.annotation.AnnotationMethodHandlerAdapter'
No HandlerAdapters found in servlet 'DispatcherServlet': using default
Creating instance of bean 'org.springframework.web.servlet.mvc.annotation.AnnotationMethodHandlerExceptionResolver'
Returning cached instance of singleton bean 'org.springframework.transaction.config.internalTransactionAdvisor'
Returning cached instance of singleton bean 'org.springframework.transaction.config.internalTransactionAdvisor'
Returning cached instance of singleton bean 'org.springframework.transaction.config.internalTransactionAdvisor'
Finished creating instance of bean 'org.springframework.web.servlet.mvc.annotation.AnnotationMethodHandlerExceptionResolver'
Creating instance of bean 'org.springframework.web.servlet.mvc.annotation.ResponseStatusExceptionResolver'
Returning cached instance of singleton bean 'org.springframework.transaction.config.internalTransactionAdvisor'
Returning cached instance of singleton bean 'org.springframework.transaction.config.internalTransactionAdvisor'
Returning cached instance of singleton bean 'org.springframework.transaction.config.internalTransactionAdvisor'
Finished creating instance of bean 'org.springframework.web.servlet.mvc.annotation.ResponseStatusExceptionResolver'
Creating instance of bean 'org.springframework.web.servlet.mvc.support.DefaultHandlerExceptionResolver'
Returning cached instance of singleton bean 'org.springframework.transaction.config.internalTransactionAdvisor'
Returning cached instance of singleton bean 'org.springframework.transaction.config.internalTransactionAdvisor'
Returning cached instance of singleton bean 'org.springframework.transaction.config.internalTransactionAdvisor'
Finished creating instance of bean 'org.springframework.web.servlet.mvc.support.DefaultHandlerExceptionResolver'
No HandlerExceptionResolvers found in servlet 'DispatcherServlet': using default
Creating instance of bean 'org.springframework.web.servlet.view.DefaultRequestToViewNameTranslator'
Returning cached instance of singleton bean 'org.springframework.transaction.config.internalTransactionAdvisor'
Returning cached instance of singleton bean 'org.springframework.transaction.config.internalTransactionAdvisor'
Returning cached instance of singleton bean 'org.springframework.transaction.config.internalTransactionAdvisor'
Finished creating instance of bean 'org.springframework.web.servlet.view.DefaultRequestToViewNameTranslator'
Unable to locate RequestToViewNameTranslator with name 'viewNameTranslator': using default [org.springframework.web.servlet.view.DefaultRequestToViewNameTranslator@26cc76cb]
Returning cached instance of singleton bean 'org.springframework.web.servlet.view.InternalResourceViewResolver#0'
Creating instance of bean 'org.springframework.web.servlet.support.SessionFlashMapManager'
Returning cached instance of singleton bean 'org.springframework.transaction.config.internalTransactionAdvisor'
Returning cached instance of singleton bean 'org.springframework.transaction.config.internalTransactionAdvisor'
Returning cached instance of singleton bean 'org.springframework.transaction.config.internalTransactionAdvisor'
Finished creating instance of bean 'org.springframework.web.servlet.support.SessionFlashMapManager'
Unable to locate FlashMapManager with name 'flashMapManager': using default [org.springframework.web.servlet.support.SessionFlashMapManager@7e19f61e]
Searching for key 'spring.liveBeansView.mbeanDomain' in [servletConfigInitParams]
Searching for key 'spring.liveBeansView.mbeanDomain' in [servletContextInitParams]
Searching for key 'spring.liveBeansView.mbeanDomain' in [jndiProperties]
Looking up JNDI object with name [java:comp/env/spring.liveBeansView.mbeanDomain]
Converted JNDI name [java:comp/env/spring.liveBeansView.mbeanDomain] not found - trying original name [spring.liveBeansView.mbeanDomain]. javax.naming.NameNotFoundException: Name 'env' not found in context ''
Looking up JNDI object with name [spring.liveBeansView.mbeanDomain]
JNDI lookup for name [spring.liveBeansView.mbeanDomain] threw NamingException with message: Name 'spring.liveBeansView.mbeanDomain' not found in context ''. Returning null.
Searching for key 'spring.liveBeansView.mbeanDomain' in [systemProperties]
Searching for key 'spring.liveBeansView.mbeanDomain' in [systemEnvironment]
Could not find key 'spring.liveBeansView.mbeanDomain' in any property source. Returning [null]
Published WebApplicationContext of servlet 'DispatcherServlet' as ServletContext attribute with name [org.springframework.web.servlet.FrameworkServlet.CONTEXT.DispatcherServlet]
FrameworkServlet 'DispatcherServlet': initialization completed in 1857 ms
Servlet 'DispatcherServlet' configured successfully
DispatcherServlet with name 'DispatcherServlet' processing GET request for [/FileUploadSpring/index]
Mapping [/index] to HandlerExecutionChain with handler [com.roger.controller.FileUploadController@17738f99] and 1 interceptor
Last-Modified value for [/FileUploadSpring/index] is: -1
Invoking request handler method: public java.lang.String com.roger.controller.FileUploadController.index()
Returning cached instance of singleton bean 'Logging'
index called!
index returned!
Invoking afterPropertiesSet() on bean with name 'index'
Returning cached instance of singleton bean 'org.springframework.transaction.config.internalTransactionAdvisor'
Returning cached instance of singleton bean 'org.springframework.transaction.config.internalTransactionAdvisor'
Rendering view [org.springframework.web.servlet.view.JstlView: name 'index'; URL [/WEB-INF/jsp/index.jsp]] in DispatcherServlet with name 'DispatcherServlet'
Forwarding to resource [/WEB-INF/jsp/index.jsp] in InternalResourceView 'index'
Successfully completed request
DispatcherServlet with name 'DispatcherServlet' processing POST request for [/FileUploadSpring/upload]
Found multipart file [file] of size 397 bytes with original filename [input2.txt], stored in memory
Mapping [/upload] to HandlerExecutionChain with handler [com.roger.controller.FileUploadController@17738f99] and 1 interceptor
Invoking request handler method: public java.lang.String com.roger.controller.FileUploadController.result(org.springframework.web.multipart.MultipartFile,org.springframework.ui.ModelMap)
result called!
doUpload called!
doUpload returned!
result returned!
Invoking afterPropertiesSet() on bean with name 'result'
Returning cached instance of singleton bean 'org.springframework.transaction.config.internalTransactionAdvisor'
Returning cached instance of singleton bean 'org.springframework.transaction.config.internalTransactionAdvisor'
Rendering view [org.springframework.web.servlet.view.JstlView: name 'result'; URL [/WEB-INF/jsp/result.jsp]] in DispatcherServlet with name 'DispatcherServlet'
Added model object 'message' of type [java.lang.String] to request in view with name 'result'
Added model object 'filename' of type [java.lang.String] to request in view with name 'result'
Forwarding to resource [/WEB-INF/jsp/result.jsp] in InternalResourceView 'result'
Cleaning up multipart file [file] with original filename [input2.txt], stored in memory
Successfully completed request
DispatcherServlet with name 'DispatcherServlet' processing POST request for [/FileUploadSpring/subOptions]
Mapping [/subOptions] to HandlerExecutionChain with handler [com.roger.controller.FileUploadController@17738f99] and 1 interceptor
Invoking request handler method: public java.lang.String com.roger.controller.FileUploadController.OptionResult(org.springframework.util.MultiValueMap,org.springframework.ui.ModelMap) throws java.io.FileNotFoundException
OptionResult called!
doWrite called!
Adding transactional method 'UserJDBCTemplate.write' with attribute: PROPAGATION_REQUIRED,ISOLATION_DEFAULT,timeout_30; '',-org.springframework.dao.DataAccessException
Returning cached instance of singleton bean 'txManager'
Creating new transaction with name [com.roger.DAO.UserJDBCTemplate.write]: PROPAGATION_REQUIRED,ISOLATION_DEFAULT,timeout_30; '',-org.springframework.dao.DataAccessException
Creating new JDBC DriverManager Connection to [jdbc:oracle:thin:@204.22.48.12:1521:miclddev]
Acquired Connection [oracle.jdbc.driver.T4CConnection@4bf431b] for JDBC transaction
Switching JDBC Connection [oracle.jdbc.driver.T4CConnection@4bf431b] to manual commit
write called!
Executing prepared SQL update
Executing prepared SQL statement [INSERT INTO TRNG_USER_ADDRS_INFO VALUES (TRNG_USER_ADDRS_INFO_SEQ.NEXTVAL,?,?,?,?,?,?,?,?,?)]
SQL update affected 1 rows
Executing prepared SQL update
Executing prepared SQL statement [INSERT INTO TRNG_USER_ADDRS_INFO VALUES (TRNG_USER_ADDRS_INFO_SEQ.NEXTVAL,?,?,?,?,?,?,?,?,?)]
SQL update affected 1 rows
Executing prepared SQL update
Executing prepared SQL statement [INSERT INTO TRNG_USER_ADDRS_INFO VALUES (TRNG_USER_ADDRS_INFO_SEQ.NEXTVAL,?,?,?,?,?,?,?,?,?)]
SQL update affected 1 rows
Executing prepared SQL update
Executing prepared SQL statement [INSERT INTO TRNG_USER_ADDRS_INFO VALUES (TRNG_USER_ADDRS_INFO_SEQ.NEXTVAL,?,?,?,?,?,?,?,?,?)]
SQL update affected 1 rows
Executing prepared SQL update
Executing prepared SQL statement [INSERT INTO TRNG_USER_ADDRS_INFO VALUES (TRNG_USER_ADDRS_INFO_SEQ.NEXTVAL,?,?,?,?,?,?,?,?,?)]
SQL update affected 1 rows
write returned!
Initiating transaction commit
Committing JDBC transaction on Connection [oracle.jdbc.driver.T4CConnection@4bf431b]
Releasing JDBC Connection [oracle.jdbc.driver.T4CConnection@4bf431b] after transaction
Returning JDBC Connection to DataSource
doWrite returned!
OptionResult returned!
Rendering view [org.springframework.web.servlet.view.JstlView: name 'result'; URL [/WEB-INF/jsp/result.jsp]] in DispatcherServlet with name 'DispatcherServlet'
Added model object 'table' of type [java.util.ArrayList] to request in view with name 'result'
Added model object 'filename' of type [java.lang.String] to request in view with name 'result'
Forwarding to resource [/WEB-INF/jsp/result.jsp] in InternalResourceView 'result'
Successfully completed request
